This is METAFONT, Version 2.718281 (TeX Live 2012/Debian) (base=mf 2013.10.3)  11 JAN 2014 15:21
**Figures/four_leged.png Figures/four_legged.png
(Figures/four_leged.png
! Text line contains an invalid character.
l.1 ‰
     PNG
? 
! Interruption.
<to be read again> 
                   PNG
l.1 ‰PNG
        
? 
! Text line contains an invalid character.
l.2 ^^Z
       
? 
! Text line contains an invalid character.
l.3 ^^@
       ^^@^^@
? 
! Text line contains an invalid character.
l.3 ^^@^^@
          ^^@
? 
! Text line contains an invalid character.
l.3 ^^@^^@^^@
             
? q
OK, entering batchmode...

! Interruption.
l.4 
    IHDR^^@^^@^^B‹^^@^^@^^B^^H^^B^^@^^@^^@^^O8A˜^^@^^@^^@	pHYs^^@^^@^^S^^@...

? q
OK, entering batchmode...
! Text line contains an invalid character.
l.4 IHDR^^@
           ^^@^^B‹^^@^^@^^B^^H^^B^^@^^@^^@^^O8A˜^^@^^@^^@	pHYs^^@^^@^^S^^@...
A funny symbol that I can't read has just been input.
Continue, and I'll forget that it ever happened.

! Text line contains an invalid character.
l.4 IHDR^^@^^@
              ^^B‹^^@^^@^^B^^H^^B^^@^^@^^@^^O8A˜^^@^^@^^@	pHYs^^@^^@^^S^^@...
A funny symbol that I can't read has just been input.
Continue, and I'll forget that it ever happened.

! Text line contains an invalid character.
l.4 IHDR^^@^^@^^B
                 ‹^^@^^@^^B^^H^^B^^@^^@^^@^^O8A˜^^@^^@^^@	pHYs^^@^^@^^S^^@...
A funny symbol that I can't read has just been input.
Continue, and I'll forget that it ever happened.

! Text line contains an invalid character.
l.4 IHDR^^@^^@^^B‹
                  ^^@^^@^^B^^H^^B^^@^^@^^@^^O8A˜^^@^^@^^@	pHYs^^@^^@^^S^^@...
A funny symbol that I can't read has just been input.
Continue, and I'll forget that it ever happened.

! Text line contains an invalid character.
l.4 IHDR^^@^^@^^B‹^^@
                     ^^@^^B^^H^^B^^@^^@^^@^^O8A˜^^@^^@^^@	pHYs^^@^^@^^S^^@...
A funny symbol that I can't read has just been input.
Continue, and I'll forget that it ever happened.

! Text line contains an invalid character.
l.4 IHDR^^@^^@^^B‹^^@^^@
                        ^^B^^H^^B^^@^^@^^@^^O8A˜^^@^^@^^@	pHYs^^@^^@^^S^^@...
A funny symbol that I can't read has just been input.
Continue, and I'll forget that it ever happened.

! Text line contains an invalid character.
l.4 IHDR^^@^^@^^B‹^^@^^@^^B
                           ^^H^^B^^@^^@^^@^^O8A˜^^@^^@^^@	pHYs^^@^^@^^S^^@...
A funny symbol that I can't read has just been input.
Continue, and I'll forget that it ever happened.

! Text line contains an invalid character.
l.4 IHDR^^@^^@^^B‹^^@^^@^^B
                            ^^H^^B^^@^^@^^@^^O8A˜^^@^^@^^@	pHYs^^@^^@^^S^^@...
A funny symbol that I can't read has just been input.
Continue, and I'll forget that it ever happened.

! Text line contains an invalid character.
l.4 IHDR^^@^^@^^B‹^^@^^@^^B^^H
                               ^^B^^@^^@^^@^^O8A˜^^@^^@^^@	pHYs^^@^^@^^S^^@...
A funny symbol that I can't read has just been input.
Continue, and I'll forget that it ever happened.

! Text line contains an invalid character.
l.4 IHDR^^@^^@^^B‹^^@^^@^^B^^H^^B
                                  ^^@^^@^^@^^O8A˜^^@^^@^^@	pHYs^^@^^@^^S^^@...
A funny symbol that I can't read has just been input.
Continue, and I'll forget that it ever happened.

! Text line contains an invalid character.
l.4 IHDR^^@^^@^^B‹^^@^^@^^B^^H^^B^^@
                                     ^^@^^@^^O8A˜^^@^^@^^@	pHYs^^@^^@^^S^^@...
A funny symbol that I can't read has just been input.
Continue, and I'll forget that it ever happened.

! Text line contains an invalid character.
l.4 IHDR^^@^^@^^B‹^^@^^@^^B^^H^^B^^@^^@
                                        ^^@^^O8A˜^^@^^@^^@	pHYs^^@^^@^^S^^@...
A funny symbol that I can't read has just been input.
Continue, and I'll forget that it ever happened.

! Text line contains an invalid character.
l.4 IHDR^^@^^@^^B‹^^@^^@^^B^^H^^B^^@^^@^^@
                                           ^^O8A˜^^@^^@^^@	pHYs^^@^^@^^S^^@...
A funny symbol that I can't read has just been input.
Continue, and I'll forget that it ever happened.

! Text line contains an invalid character.
l.4 IHDR^^@^^@^^B‹^^@^^@^^B^^H^^B^^@^^@^^@^^O
                                              8A˜^^@^^@^^@	pHYs^^@^^@^^S^^@...
A funny symbol that I can't read has just been input.
Continue, and I'll forget that it ever happened.

! Text line contains an invalid character.
l.4 IHDR^^@^^@^^B‹^^@^^@^^B^^H^^B^^@^^@^^@^^O8A˜
                                                 ^^@^^@^^@	pHYs^^@^^@^^S^^@...
A funny symbol that I can't read has just been input.
Continue, and I'll forget that it ever happened.

! Text line contains an invalid character.
l.4 ...^@^^@^^B‹^^@^^@^^B^^H^^B^^@^^@^^@^^O8A˜^^@
                                                  ^^@^^@	pHYs^^@^^@^^S^^@^^...
A funny symbol that I can't read has just been input.
Continue, and I'll forget that it ever happened.

! Text line contains an invalid character.
l.4 ...^@^^B‹^^@^^@^^B^^H^^B^^@^^@^^@^^O8A˜^^@^^@
                                                  ^^@	pHYs^^@^^@^^S^^@^^@^...
A funny symbol that I can't read has just been input.
Continue, and I'll forget that it ever happened.

! Text line contains an invalid character.
l.4 ...^B‹^^@^^@^^B^^H^^B^^@^^@^^@^^O8A˜^^@^^@^^@
                                                  	pHYs^^@^^@^^S^^@^^@^^S^...
A funny symbol that I can't read has just been input.
Continue, and I'll forget that it ever happened.

! Text line contains an invalid character.
l.4 ...@^^B^^H^^B^^@^^@^^@^^O8A˜^^@^^@^^@	pHYs^^@
                                                  ^^@^^S^^@^^@^^S^^A^^@šœ^...
A funny symbol that I can't read has just been input.
Continue, and I'll forget that it ever happened.

! Text line contains an invalid character.
l.4 ...B^^H^^B^^@^^@^^@^^O8A˜^^@^^@^^@	pHYs^^@^^@
                                                  ^^S^^@^^@^^S^^A^^@šœ^^X^...
A funny symbol that I can't read has just been input.
Continue, and I'll forget that it ever happened.

! Text line contains an invalid character.
l.4 ...^^H^^B^^@^^@^^@^^O8A˜^^@^^@^^@	pHYs^^@^^@
                                                  ^^S^^@^^@^^S^^A^^@šœ^^X^^...
A funny symbol that I can't read has just been input.
Continue, and I'll forget that it ever happened.

! Text line contains an invalid character.
l.4 ...H^^B^^@^^@^^@^^O8A˜^^@^^@^^@	pHYs^^@^^@^^S
                                                  ^^@^^@^^S^^A^^@šœ^^X^^@^^...
A funny symbol that I can't read has just been input.
Continue, and I'll forget that it ever happened.

! Text line contains an invalid character.
l.4 ...B^^@^^@^^@^^O8A˜^^@^^@^^@	pHYs^^@^^@^^S^^@
                                                  ^^@^^S^^A^^@šœ^^X^^@^^@^^...
A funny symbol that I can't read has just been input.
Continue, and I'll forget that it ever happened.

! Text line contains an invalid character.
l.4 ...@^^@^^@^^O8A˜^^@^^@^^@	pHYs^^@^^@^^S^^@^^@
                                                  ^^S^^A^^@šœ^^X^^@^^@^^@^^...
A funny symbol that I can't read has just been input.
Continue, and I'll forget that it ever happened.

! Text line contains an invalid character.
l.4 ...^^@^^@^^O8A˜^^@^^@^^@	pHYs^^@^^@^^S^^@^^@
                                                  ^^S^^A^^@šœ^^X^^@^^@^^@^^G...
A funny symbol that I can't read has just been input.
Continue, and I'll forget that it ever happened.

! Text line contains an invalid character.
l.4 ...^^@^^O8A˜^^@^^@^^@	pHYs^^@^^@^^S^^@^^@^^S
                                                  ^^A^^@šœ^^X^^@^^@^^@^^GtIM...
A funny symbol that I can't read has just been input.
Continue, and I'll forget that it ever happened.

! Text line contains an invalid character.
l.4 ...^^O8A˜^^@^^@^^@	pHYs^^@^^@^^S^^@^^@^^S^^A
                                                  ^^@šœ^^X^^@^^@^^@^^GtIME^^...
A funny symbol that I can't read has just been input.
Continue, and I'll forget that it ever happened.

! Text line contains an invalid character.
l.4 ...8A˜^^@^^@^^@	pHYs^^@^^@^^S^^@^^@^^S^^A^^@
                                                  šœ^^X^^@^^@^^@^^GtIME^^GŞ^...
A funny symbol that I can't read has just been input.
Continue, and I'll forget that it ever happened.

! Text line contains an invalid character.
l.4 ...A˜^^@^^@^^@	pHYs^^@^^@^^S^^@^^@^^S^^A^^@š
                                                  œ^^X^^@^^@^^@^^GtIME^^GŞ^^...
A funny symbol that I can't read has just been input.
Continue, and I'll forget that it ever happened.

! Text line contains an invalid character.
l.4 ...˜^^@^^@^^@	pHYs^^@^^@^^S^^@^^@^^S^^A^^@šœ
                                                  ^^X^^@^^@^^@^^GtIME^^GŞ^^A...
A funny symbol that I can't read has just been input.
Continue, and I'll forget that it ever happened.

! Text line contains an invalid character.
l.4 ...@^^@^^@	pHYs^^@^^@^^S^^@^^@^^S^^A^^@šœ^^X
                                                  ^^@^^@^^@^^GtIME^^GŞ^^A^^...
A funny symbol that I can't read has just been input.
Continue, and I'll forget that it ever happened.

! Text line contains an invalid character.
l.4 ...@^^@	pHYs^^@^^@^^S^^@^^@^^S^^A^^@šœ^^X^^@
                                                  ^^@^^@^^GtIME^^GŞ^^A^^O^^...
A funny symbol that I can't read has just been input.
Continue, and I'll forget that it ever happened.

! Text line contains an invalid character.
l.4 ...@	pHYs^^@^^@^^S^^@^^@^^S^^A^^@šœ^^X^^@^^@
                                                  ^^@^^GtIME^^GŞ^^A^^O^^Q^^...
A funny symbol that I can't read has just been input.
Continue, and I'll forget that it ever happened.

! Text line contains an invalid character.
l.4 ...HYs^^@^^@^^S^^@^^@^^S^^A^^@šœ^^X^^@^^@^^@
                                                  ^^GtIME^^GŞ^^A^^O^^Q^^DQi...
A funny symbol that I can't read has just been input.
Continue, and I'll forget that it ever happened.

! Text line contains an invalid character.
l.4 ...^^@^^@^^S^^@^^@^^S^^A^^@šœ^^X^^@^^@^^@^^G
                                                  tIME^^GŞ^^A^^O^^Q^^DQiÙz^...
A funny symbol that I can't read has just been input.
Continue, and I'll forget that it ever happened.

! Text line contains an invalid character.
l.4 ...^^S^^@^^@^^S^^A^^@šœ^^X^^@^^@^^@^^GtIME^^G
                                                  Ş^^A^^O^^Q^^DQiÙz^^@^^@ ^...
A funny symbol that I can't read has just been input.
Continue, and I'll forget that it ever happened.

! Text line contains an invalid character.
l.4 ...^S^^@^^@^^S^^A^^@šœ^^X^^@^^@^^@^^GtIME^^GŞ
                                                  ^^A^^O^^Q^^DQiÙz^^@^^@ ^^...
A funny symbol that I can't read has just been input.
Continue, and I'll forget that it ever happened.

! Text line contains an invalid character.
l.4 ...^@^^@^^S^^A^^@šœ^^X^^@^^@^^@^^GtIME^^GŞ^^A
                                                  ^^O^^Q^^DQiÙz^^@^^@ ^^@ID...
A funny symbol that I can't read has just been input.
Continue, and I'll forget that it ever happened.

! Text line contains an invalid character.
l.4 ...@^^@^^S^^A^^@šœ^^X^^@^^@^^@^^GtIME^^GŞ^^A
                                                  ^^O^^Q^^DQiÙz^^@^^@ ^^@IDA...
A funny symbol that I can't read has just been input.
Continue, and I'll forget that it ever happened.

! Text line contains an invalid character.
l.4 ...@^^S^^A^^@šœ^^X^^@^^@^^@^^GtIME^^GŞ^^A^^O
                                                  ^^Q^^DQiÙz^^@^^@ ^^@IDATxÚ...
A funny symbol that I can't read has just been input.
Continue, and I'll forget that it ever happened.

! Text line contains an invalid character.
l.4 ...^S^^A^^@šœ^^X^^@^^@^^@^^GtIME^^GŞ^^A^^O^^Q
                                                  ^^DQiÙz^^@^^@ ^^@IDATxÚì½i...
A funny symbol that I can't read has just been input.
Continue, and I'll forget that it ever happened.

! Text line contains an invalid character.
l.4 ...^A^^@šœ^^X^^@^^@^^@^^GtIME^^GŞ^^A^^O^^Q^^D
                                                  QiÙz^^@^^@ ^^@IDATxÚì½iŒeI...
A funny symbol that I can't read has just been input.
Continue, and I'll forget that it ever happened.

! Text line contains an invalid character.
l.4 ...^@šœ^^X^^@^^@^^@^^GtIME^^GŞ^^A^^O^^Q^^DQiÙ
                                                  z^^@^^@ ^^@IDATxÚì½iŒeIv^^...
A funny symbol that I can't read has just been input.
Continue, and I'll forget that it ever happened.

! Text line contains an invalid character.
l.4 ...^^X^^@^^@^^@^^GtIME^^GŞ^^A^^O^^Q^^DQiÙz^^@
                                                  ^^@ ^^@IDATxÚì½iŒeIv^^^ö^...
A funny symbol that I can't read has just been input.
Continue, and I'll forget that it ever happened.

! Text line contains an invalid character.
l.4 ...^^@^^@^^@^^GtIME^^GŞ^^A^^O^^Q^^DQiÙz^^@^^@
                                                   ^^@IDATxÚì½iŒeIv^^^ö^^S^...
A funny symbol that I can't read has just been input.
Continue, and I'll forget that it ever happened.

! Text line contains an invalid character.
l.4 ...^@^^@^^GtIME^^GŞ^^A^^O^^Q^^DQiÙz^^@^^@ ^^@
                                                  IDATxÚì½iŒeIv^^^ö^^S^^Qw{...
A funny symbol that I can't read has just been input.
Continue, and I'll forget that it ever happened.

! Text line contains an invalid character.
l.4 ...^GtIME^^GŞ^^A^^O^^Q^^DQiÙz^^@^^@ ^^@IDATxÚ
                                                  ì½iŒeIv^^^ö^^S^^Qw{kfVfÖ¾...
A funny symbol that I can't read has just been input.
Continue, and I'll forget that it ever happened.

! Text line contains an invalid character.
l.4 ...GtIME^^GŞ^^A^^O^^Q^^DQiÙz^^@^^@ ^^@IDATxÚì
                                                  ½iŒeIv^^^ö^^S^^Qw{kfVfÖ¾t...
A funny symbol that I can't read has just been input.
Continue, and I'll forget that it ever happened.

! Text line contains an invalid character.
l.4 ...tIME^^GŞ^^A^^O^^Q^^DQiÙz^^@^^@ ^^@IDATxÚì½
                                                  iŒeIv^^^ö^^S^^Qw{kfVfÖ¾tw...
A funny symbol that I can't read has just been input.
Continue, and I'll forget that it ever happened.

! Text line contains an invalid character.
l.4 ...ME^^GŞ^^A^^O^^Q^^DQiÙz^^@^^@ ^^@IDATxÚì½iŒ
                                                  eIv^^^ö^^S^^Qw{kfVfÖ¾twuO...
A funny symbol that I can't read has just been input.
Continue, and I'll forget that it ever happened.

! Text line contains an invalid character.
l.4 ...^^A^^O^^Q^^DQiÙz^^@^^@ ^^@IDATxÚì½iŒeIv^^^
                                                  ö^^S^^Qw{kfVfÖ¾twuOoÓ³^^O...
A funny symbol that I can't read has just been input.
Continue, and I'll forget that it ever happened.

! Text line contains an invalid character.
l.4 ...^A^^O^^Q^^DQiÙz^^@^^@ ^^@IDATxÚì½iŒeIv^^^ö
                                                  ^^S^^Qw{kfVfÖ¾twuOoÓ³^^Og...
A funny symbol that I can't read has just been input.
Continue, and I'll forget that it ever happened.

! Text line contains an invalid character.
l.4 ...A^^O^^Q^^DQiÙz^^@^^@ ^^@IDATxÚì½iŒeIv^^^ö
                                                  ^^S^^Qw{kfVfÖ¾twuOoÓ³^^Og!...
A funny symbol that I can't read has just been input.
Continue, and I'll forget that it ever happened.

! Text line contains an invalid character.
l.4 ...^O^^Q^^DQiÙz^^@^^@ ^^@IDATxÚì½iŒeIv^^^ö^^S
                                                  ^^Qw{kfVfÖ¾twuOoÓ³^^Og!G¤$...
A funny symbol that I can't read has just been input.
Continue, and I'll forget that it ever happened.

! Text line contains an invalid character.
l.4 ...^Q^^DQiÙz^^@^^@ ^^@IDATxÚì½iŒeIv^^^ö^^S^^Q
                                                  w{kfVfÖ¾twuOoÓ³^^Og!G¤$Z^^...
A funny symbol that I can't read has just been input.
Continue, and I'll forget that it ever happened.

>> PNG.IHDR8A.pHYs.tIME.Qi.z.IDATx.i.eIv.w
! Isolated expression.
<to be read again> 
                   {
l.4 ...^^DQiÙz^^@^^@ ^^@IDATxÚì½iŒeIv^^^ö^^S^^Qw{
                                                  kfVfÖ¾twuOoÓ³^^Og!G¤$Z^^B$...
I couldn't find an `=' or `:=' after the
expression that is shown above this error message,
so I guess I'll just ignore it and carry on.

! Extra tokens will be flushed.
<to be read again> 
                   {
l.4 ...^^DQiÙz^^@^^@ ^^@IDATxÚì½iŒeIv^^^ö^^S^^Qw{
                                                  kfVfÖ¾twuOoÓ³^^Og!G¤$Z^^B$...
I've just read as much of that statement as I could fathom,
so a semicolon should have been next. It's very puzzling...
but I'll try to get myself back together, by ignoring
everything up to the next `;'. Please insert a semicolon
now in front of anything that you don't want me to delete.
(See Chapter 27 of The METAFONTbook for an example.)

! Text line contains an invalid character.
l.4 ...Ùz^^@^^@ ^^@IDATxÚì½iŒeIv^^^ö^^S^^Qw{kfVfÖ
                                                  ¾twuOoÓ³^^Og!G¤$Z^^B$Û¢eÚ^...
A funny symbol that I can't read has just been input.
Continue, and I'll forget that it ever happened.

! Text line contains an invalid character.
l.4 ...z^^@^^@ ^^@IDATxÚì½iŒeIv^^^ö^^S^^Qw{kfVfÖ¾
                                                  twuOoÓ³^^Og!G¤$Z^^B$Û¢eÚ^^...
A funny symbol that I can't read has just been input.
Continue, and I'll forget that it ever happened.

! Text line contains an invalid character.
l.4 ...@ ^^@IDATxÚì½iŒeIv^^^ö^^S^^Qw{kfVfÖ¾twuOoÓ
                                                  ³^^Og!G¤$Z^^B$Û¢eÚ^^V`I¦`È...
A funny symbol that I can't read has just been input.
Continue, and I'll forget that it ever happened.

! Text line contains an invalid character.
l.4 ... ^^@IDATxÚì½iŒeIv^^^ö^^S^^Qw{kfVfÖ¾twuOoÓ³
                                                  ^^Og!G¤$Z^^B$Û¢eÚ^^V`I¦`È^...
A funny symbol that I can't read has just been input.
Continue, and I'll forget that it ever happened.

! Text line contains an invalid character.
l.4 ...@IDATxÚì½iŒeIv^^^ö^^S^^Qw{kfVfÖ¾twuOoÓ³^^O
                                                  g!G¤$Z^^B$Û¢eÚ^^V`I¦`È^^?¬...
A funny symbol that I can't read has just been input.
Continue, and I'll forget that it ever happened.

! Text line contains an invalid character.
l.4 ...TxÚì½iŒeIv^^^ö^^S^^Qw{kfVfÖ¾twuOoÓ³^^Og!G¤
                                                  $Z^^B$Û¢eÚ^^V`I¦`È^^?¬?2á^...
A funny symbol that I can't read has just been input.
Continue, and I'll forget that it ever happened.

! Text line contains an invalid character.
l.4 ...iŒeIv^^^ö^^S^^Qw{kfVfÖ¾twuOoÓ³^^Og!G¤$Z^^B
                                                  $Û¢eÚ^^V`I¦`È^^?¬?2á^^U6^^...
A funny symbol that I can't read has just been input.
Continue, and I'll forget that it ever happened.

! Text line contains an invalid character.
l.4 ...eIv^^^ö^^S^^Qw{kfVfÖ¾twuOoÓ³^^Og!G¤$Z^^B$Û
                                                  ¢eÚ^^V`I¦`È^^?¬?2á^^U6^^DA...
A funny symbol that I can't read has just been input.
Continue, and I'll forget that it ever happened.

! Text line contains an invalid character.
l.4 ...Iv^^^ö^^S^^Qw{kfVfÖ¾twuOoÓ³^^Og!G¤$Z^^B$Û¢
                                                  eÚ^^V`I¦`È^^?¬?2á^^U6^^DA–...
A funny symbol that I can't read has just been input.
Continue, and I'll forget that it ever happened.

! Text line contains an invalid character.
l.4 ...^^^ö^^S^^Qw{kfVfÖ¾twuOoÓ³^^Og!G¤$Z^^B$Û¢eÚ
                                                  ^^V`I¦`È^^?¬?2á^^U6^^DA–Ly...
A funny symbol that I can't read has just been input.
Continue, and I'll forget that it ever happened.

! Text line contains an invalid character.
l.4 ...ö^^S^^Qw{kfVfÖ¾twuOoÓ³^^Og!G¤$Z^^B$Û¢eÚ^^V
                                                  `I¦`È^^?¬?2á^^U6^^DA–Ly,Š...
A funny symbol that I can't read has just been input.
Continue, and I'll forget that it ever happened.

! Text line contains an invalid character.
l.4 ...^S^^Qw{kfVfÖ¾twuOoÓ³^^Og!G¤$Z^^B$Û¢eÚ^^V`I¦
                                                  `È^^?¬?2á^^U6^^DA–Ly,Š0`É...
A funny symbol that I can't read has just been input.
Continue, and I'll forget that it ever happened.

! Text line contains an invalid character.
l.4 ...^^Qw{kfVfÖ¾twuOoÓ³^^Og!G¤$Z^^B$Û¢eÚ^^V`I¦`È
                                                  ^^?¬?2á^^U6^^DA–Ly,Š0`É°a...
A funny symbol that I can't read has just been input.
Continue, and I'll forget that it ever happened.

! Text line contains an invalid character.
l.4 ...w{kfVfÖ¾twuOoÓ³^^Og!G¤$Z^^B$Û¢eÚ^^V`I¦`È^^?
                                                  ¬?2á^^U6^^DA–Ly,Š0`É°a^^Y...
A funny symbol that I can't read has just been input.
Continue, and I'll forget that it ever happened.

! Text line contains an invalid character.
l.4 ...{kfVfÖ¾twuOoÓ³^^Og!G¤$Z^^B$Û¢eÚ^^V`I¦`È^^?¬
                                                  ?2á^^U6^^DA–Ly,Š0`É°a^^Y^...
A funny symbol that I can't read has just been input.
Continue, and I'll forget that it ever happened.

! Text line contains an invalid character.
l.4 ...VfÖ¾twuOoÓ³^^Og!G¤$Z^^B$Û¢eÚ^^V`I¦`È^^?¬?2á
                                                  ^^U6^^DA–Ly,Š0`É°a^^Y^^F-...
A funny symbol that I can't read has just been input.
Continue, and I'll forget that it ever happened.

! Text line contains an invalid character.
l.4 ...¾twuOoÓ³^^Og!G¤$Z^^B$Û¢eÚ^^V`I¦`È^^?¬?2á^^U
                                                  6^^DA–Ly,Š0`É°a^^Y^^F-Ê^^...
A funny symbol that I can't read has just been input.
Continue, and I'll forget that it ever happened.

! Text line contains an invalid character.
l.4 ...OoÓ³^^Og!G¤$Z^^B$Û¢eÚ^^V`I¦`È^^?¬?2á^^U6^^D
                                                  A–Ly,Š0`É°a^^Y^^F-Ê^^BLÒ†...
A funny symbol that I can't read has just been input.
Continue, and I'll forget that it ever happened.

! Text line contains an invalid character.
l.4 ...Ó³^^Og!G¤$Z^^B$Û¢eÚ^^V`I¦`È^^?¬?2á^^U6^^DA–
                                                  Ly,Š0`É°a^^Y^^F-Ê^^BLÒ†(‹...
A funny symbol that I can't read has just been input.
Continue, and I'll forget that it ever happened.

! Text line contains an invalid character.
l.4 ...^Og!G¤$Z^^B$Û¢eÚ^^V`I¦`È^^?¬?2á^^U6^^DA–Ly
                                                  ,Š0`É°a^^Y^^F-Ê^^BLÒ†(‹^^B...
A funny symbol that I can't read has just been input.
Continue, and I'll forget that it ever happened.

! Text line contains an invalid character.
l.4 ...g!G¤$Z^^B$Û¢eÚ^^V`I¦`È^^?¬?2á^^U6^^DA–Ly,Š
                                                  0`É°a^^Y^^F-Ê^^BLÒ†(‹^^BiÏ...
A funny symbol that I can't read has just been input.
Continue, and I'll forget that it ever happened.

! Text line contains an invalid character.
l.4 ...¤$Z^^B$Û¢eÚ^^V`I¦`È^^?¬?2á^^U6^^DA–Ly,Š0`É
                                                  °a^^Y^^F-Ê^^BLÒ†(‹^^BiÏp†C...
A funny symbol that I can't read has just been input.
Continue, and I'll forget that it ever happened.

! Text line contains an invalid character.
l.4 ...$Z^^B$Û¢eÚ^^V`I¦`È^^?¬?2á^^U6^^DA–Ly,Š0`É°
                                                  a^^Y^^F-Ê^^BLÒ†(‹^^BiÏp†CÎ...
A funny symbol that I can't read has just been input.
Continue, and I'll forget that it ever happened.

! Text line contains an invalid character.
l.4 ...B$Û¢eÚ^^V`I¦`È^^?¬?2á^^U6^^DA–Ly,Š0`É°a^^Y
                                                  ^^F-Ê^^BLÒ†(‹^^BiÏp†CÎtÏôô...
A funny symbol that I can't read has just been input.
Continue, and I'll forget that it ever happened.

! Text line contains an invalid character.
l.4 ...¢eÚ^^V`I¦`È^^?¬?2á^^U6^^DA–Ly,Š0`É°a^^Y^^F
                                                  -Ê^^BLÒ†(‹^^BiÏp†CÎtÏôôZû’...
A funny symbol that I can't read has just been input.
Continue, and I'll forget that it ever happened.

! Text line contains an invalid character.
l.4 ...Ú^^V`I¦`È^^?¬?2á^^U6^^DA–Ly,Š0`É°a^^Y^^F-Ê
                                                  ^^BLÒ†(‹^^BiÏp†CÎtÏôôZû’YY...
A funny symbol that I can't read has just been input.
Continue, and I'll forget that it ever happened.

! Text line contains an invalid character.
l.4 ...V`I¦`È^^?¬?2á^^U6^^DA–Ly,Š0`É°a^^Y^^F-Ê^^B
                                                  LÒ†(‹^^BiÏp†CÎtÏôôZû’YY™ùò...
A funny symbol that I can't read has just been input.
Continue, and I'll forget that it ever happened.

! Text line contains an invalid character.
l.4 ...I¦`È^^?¬?2á^^U6^^DA–Ly,Š0`É°a^^Y^^F-Ê^^BLÒ
                                                  †(‹^^BiÏp†CÎtÏôôZû’YY™ùò­w...
A funny symbol that I can't read has just been input.
Continue, and I'll forget that it ever happened.

! Text line contains an invalid character.
l.4 ...¦`È^^?¬?2á^^U6^^DA–Ly,Š0`É°a^^Y^^F-Ê^^BLÒ†
                                                  (‹^^BiÏp†CÎtÏôôZû’YY™ùò­w‹...
A funny symbol that I can't read has just been input.
Continue, and I'll forget that it ever happened.

! Text line contains an invalid character.
l.4 ...È^^?¬?2á^^U6^^DA–Ly,Š0`É°a^^Y^^F-Ê^^BLÒ†(‹
                                                  ^^BiÏp†CÎtÏôôZû’YY™ùò­w‹ˆs...
A funny symbol that I can't read has just been input.
Continue, and I'll forget that it ever happened.

! Text line contains an invalid character.
l.4 ...?¬?2á^^U6^^DA–Ly,Š0`É°a^^Y^^F-Ê^^BLÒ†(‹^^B
                                                  iÏp†CÎtÏôôZû’YY™ùò­w‹ˆsüãf...
A funny symbol that I can't read has just been input.
Continue, and I'll forget that it ever happened.

! Text line contains an invalid character.
l.4 ...?2á^^U6^^DA–Ly,Š0`É°a^^Y^^F-Ê^^BLÒ†(‹^^BiÏ
                                                  p†CÎtÏôôZû’YY™ùò­w‹ˆsüãfe×...
A funny symbol that I can't read has just been input.
Continue, and I'll forget that it ever happened.

! Text line contains an invalid character.
l.4 ...á^^U6^^DA–Ly,Š0`É°a^^Y^^F-Ê^^BLÒ†(‹^^BiÏp†
                                                  CÎtÏôôZû’YY™ùò­w‹ˆsüãfe×t7...
A funny symbol that I can't read has just been input.
Continue, and I'll forget that it ever happened.

! Text line contains an invalid character.
l.4 ...^U6^^DA–Ly,Š0`É°a^^Y^^F-Ê^^BLÒ†(‹^^BiÏp†CÎ
                                                  tÏôôZû’YY™ùò­w‹ˆsüãfe×t7mÿ...
A funny symbol that I can't read has just been input.
Continue, and I'll forget that it ever happened.

! Text line contains an invalid character.
l.4 ...6^^DA–Ly,Š0`É°a^^Y^^F-Ê^^BLÒ†(‹^^BiÏp†CÎtÏ
                                                  ôôZû’YY™ùò­w‹ˆsüãfe×t7mÿ$ˆ...
A funny symbol that I can't read has just been input.
Continue, and I'll forget that it ever happened.

! Text line contains an invalid character.
l.4 ...^^DA–Ly,Š0`É°a^^Y^^F-Ê^^BLÒ†(‹^^BiÏp†CÎtÏô
                                                  ôZû’YY™ùò­w‹ˆsüãfe×t7mÿ$ˆü...
A funny symbol that I can't read has just been input.
Continue, and I'll forget that it ever happened.

! Text line contains an invalid character.
l.4 ...^DA–Ly,Š0`É°a^^Y^^F-Ê^^BLÒ†(‹^^BiÏp†CÎtÏôô
                                                  Zû’YY™ùò­w‹ˆsüãfe×t7mÿ$ˆüª...
A funny symbol that I can't read has just been input.
Continue, and I'll forget that it ever happened.

! Text line contains an invalid character.
l.4 ...A–Ly,Š0`É°a^^Y^^F-Ê^^BLÒ†(‹^^BiÏp†CÎtÏôôZû
                                                  ’YY™ùò­w‹ˆsüãfe×t7mÿ$ˆüªu...
A funny symbol that I can't read has just been input.
Continue, and I'll forget that it ever happened.

! Text line contains an invalid character.
l.4 ...–Ly,Š0`É°a^^Y^^F-Ê^^BLÒ†(‹^^BiÏp†CÎtÏôôZû’
                                                  YY™ùò­w‹ˆsüãfe×t7mÿ$ˆüªuó...
A funny symbol that I can't read has just been input.
Continue, and I'll forget that it ever happened.

! Text line contains an invalid character.
l.4 ...,Š0`É°a^^Y^^F-Ê^^BLÒ†(‹^^BiÏp†CÎtÏôôZû’YY™
                                                  ùò­w‹ˆsüãfe×t7mÿ$ˆüªuóİx^...
A funny symbol that I can't read has just been input.
Continue, and I'll forget that it ever happened.

! Text line contains an invalid character.
l.4 ...,Š0`É°a^^Y^^F-Ê^^BLÒ†(‹^^BiÏp†CÎtÏôôZû’YY™ù
                                                  ò­w‹ˆsüãfe×t7mÿ$ˆüªuóİx^^...
A funny symbol that I can't read has just been input.
Continue, and I'll forget that it ever happened.

! Text line contains an invalid character.
l.4 ...Š0`É°a^^Y^^F-Ê^^BLÒ†(‹^^BiÏp†CÎtÏôôZû’YY™ùò
                                                  ­w‹ˆsüãfe×t7mÿ$ˆüªuóİx^^Q...
A funny symbol that I can't read has just been input.
Continue, and I'll forget that it ever happened.

! Text line contains an invalid character.
l.4 ...0`É°a^^Y^^F-Ê^^BLÒ†(‹^^BiÏp†CÎtÏôôZû’YY™ùò­
                                                  w‹ˆsüãfe×t7mÿ$ˆüªuóİx^^Q·...
(That makes 100 errors; please try again.)
