\BOOKMARK [0][-]{dummy.1}{\376\377\000A\000b\000s\000t\000r\000a\000c\000t}{}% 1
\BOOKMARK [0][-]{dummy.2}{\376\377\000A\000c\000k\000n\000o\000w\000l\000e\000d\000g\000e\000m\000e\000n\000t\000s}{}% 2
\BOOKMARK [0][-]{dummy.3}{\376\377\000C\000o\000n\000t\000e\000n\000t\000s}{}% 3
\BOOKMARK [0][-]{dummy.5}{\376\377\000L\000i\000s\000t\000\040\000o\000f\000\040\000F\000i\000g\000u\000r\000e\000s}{}% 4
\BOOKMARK [0][-]{chapter.7}{\376\377\0001\000\040\000R\000e\000l\000a\000t\000e\000d\000\040\000W\000o\000r\000k}{}% 5
\BOOKMARK [1][-]{section.8}{\376\377\0001\000.\0001\000\040\000O\000v\000e\000r\000v\000i\000e\000w}{chapter.7}% 6
\BOOKMARK [1][-]{section.9}{\376\377\0001\000.\0002\000\040\000K\000a\000r\000l\000\040\000S\000i\000m\000s\000\040\000C\000r\000e\000a\000t\000u\000r\000e\000s}{chapter.7}% 7
\BOOKMARK [1][-]{section.12}{\376\377\0001\000.\0003\000\040\000B\000i\000o\000-\000R\000o\000b\000o\000t\000i\000c\000s\000\040\000l\000a\000b\000\040\000a\000t\000\040\000E\000P\000F\000L}{chapter.7}% 8
\BOOKMARK [1][-]{section.15}{\376\377\0001\000.\0004\000\040\000F\000l\000e\000x\000i\000b\000l\000e\000\040\000M\000u\000s\000c\000l\000e\000-\000B\000a\000s\000e\000d\000\040\000L\000o\000c\000o\000m\000o\000t\000i\000o\000n\000\040\000f\000o\000r\000\040\000b\000i\000p\000e\000d\000a\000l\000\040\000c\000r\000e\000a\000t\000u\000r\000e\000s}{chapter.7}% 9
\BOOKMARK [0][-]{chapter.18}{\376\377\0002\000\040\000S\000i\000m\000u\000l\000a\000t\000i\000o\000n\000\040\000E\000n\000v\000i\000r\000o\000n\000m\000e\000n\000t}{}% 10
\BOOKMARK [1][-]{section.19}{\376\377\0002\000.\0001\000\040\000P\000h\000y\000s\000i\000c\000s\000\040\000E\000n\000g\000i\000n\000e}{chapter.18}% 11
\BOOKMARK [1][-]{section.21}{\376\377\0002\000.\0002\000\040\000V\000i\000s\000u\000a\000l\000\040\000r\000e\000n\000d\000e\000r\000i\000n\000g}{chapter.18}% 12
\BOOKMARK [2][-]{subsection.23}{\376\377\0002\000.\0002\000.\0001\000\040\000T\000h\000e\000\040\000c\000o\000o\000r\000d\000i\000n\000a\000t\000e\000\040\000s\000y\000s\000t\000e\000m}{section.21}% 13
\BOOKMARK [1][-]{section.25}{\376\377\0002\000.\0003\000\040\000S\000t\000r\000u\000c\000t\000u\000r\000e\000s\000\040\000o\000f\000\040\000t\000h\000e\000\040\000R\000o\000b\000o\000t\000s\000\040\000a\000s\000\040\000a\000\040\000G\000r\000a\000p\000h}{chapter.18}% 14
\BOOKMARK [0][-]{chapter.28}{\376\377\0003\000\040\000C\000o\000n\000t\000r\000o\000l}{}% 15
\BOOKMARK [1][-]{section.30}{\376\377\0003\000.\0001\000\040\000P\000I\000D\000\040\000C\000o\000n\000t\000r\000o\000l\000\040\000o\000f\000\040\000t\000h\000e\000\040\000j\000o\000i\000n\000t\000s}{chapter.28}% 16
\BOOKMARK [1][-]{section.32}{\376\377\0003\000.\0002\000\040\000C\000e\000n\000t\000r\000a\000l\000\040\000P\000a\000t\000t\000e\000r\000n\000\040\000G\000e\000n\000e\000r\000a\000t\000o\000r}{chapter.28}% 17
\BOOKMARK [1][-]{section.40}{\376\377\0003\000.\0003\000\040\000L\000i\000q\000u\000i\000d\000\040\000S\000t\000a\000t\000e\000\040\000M\000a\000c\000h\000i\000n\000e}{chapter.28}% 18
\BOOKMARK [0][-]{chapter.42}{\376\377\0004\000\040\000L\000e\000a\000r\000n\000i\000n\000g\000\040\000M\000e\000t\000h\000o\000d\000s}{}% 19
\BOOKMARK [1][-]{section.43}{\376\377\0004\000.\0001\000\040\000G\000e\000n\000e\000t\000i\000c\000\040\000A\000l\000g\000o\000r\000i\000t\000h\000m}{chapter.42}% 20
\BOOKMARK [2][-]{subsection.44}{\376\377\0004\000.\0001\000.\0001\000\040\000S\000e\000l\000e\000c\000t\000i\000o\000n}{section.43}% 21
\BOOKMARK [2][-]{subsection.56}{\376\377\0004\000.\0001\000.\0002\000\040\000C\000r\000o\000s\000s\000-\000O\000v\000e\000r}{section.43}% 22
\BOOKMARK [2][-]{subsection.65}{\376\377\0004\000.\0001\000.\0003\000\040\000M\000u\000t\000a\000t\000i\000o\000n}{section.43}% 23
\BOOKMARK [1][-]{section.66}{\376\377\0004\000.\0002\000\040\000N\000e\000l\000d\000e\000r\000-\000M\000e\000a\000d\000\040\000m\000e\000t\000h\000o\000d}{chapter.42}% 24
\BOOKMARK [1][-]{section.94}{\376\377\0004\000.\0003\000\040\000R\000a\000n\000d\000o\000m\000\040\000S\000e\000a\000r\000c\000h}{chapter.42}% 25
\BOOKMARK [0][-]{chapter.95}{\376\377\0005\000\040\000R\000e\000s\000u\000l\000t\000s}{}% 26
\BOOKMARK [1][-]{section.96}{\376\377\0005\000.\0001\000\040\000\040\000S\000i\000m\000u\000l\000a\000t\000i\000o\000n\000\040\000r\000e\000p\000r\000o\000d\000u\000c\000t\000a\000b\000i\000l\000i\000t\000y}{chapter.95}% 27
\BOOKMARK [1][-]{section.98}{\376\377\0005\000.\0002\000\040\000\040\000C\000r\000e\000a\000t\000u\000r\000e\000s\000\040\000t\000a\000k\000i\000n\000g\000\040\000a\000d\000v\000a\000n\000t\000a\000g\000e\000s\000\040\000o\000f\000\040\000s\000i\000m\000u\000l\000a\000t\000i\000o\000n\000\040\000b\000u\000g\000s}{chapter.95}% 28
\BOOKMARK [1][-]{section.99}{\376\377\0005\000.\0003\000\040\000\040\000C\000o\000m\000p\000a\000r\000a\000i\000s\000o\000n\000\040}{chapter.95}% 29
\BOOKMARK [0][-]{chapter.106}{\376\377\0006\000\040\000C\000o\000n\000c\000l\000u\000s\000i\000o\000n}{}% 30
\BOOKMARK [0][-]{dummy.107}{\376\377\000B\000i\000b\000l\000i\000o\000g\000r\000a\000p\000h\000y}{}% 31
